16:05:56.985  INFO  manager.ApplicationManager - All tests run in Chrome Browser
16:05:59.577  INFO  manager.ApplicationManager - The link --->https://telranedu.web.app/home
16:05:59.629  INFO  tests.TestBase - Name of method --->loginSuccessModel
16:05:59.636  INFO  manager.ListenerWD - Before Find Elements--->By.xpath: //button[text()='Sign Out']
16:06:04.706  INFO  manager.ListenerWD - After Find Elements--->By.xpath: //button[text()='Sign Out']
16:06:04.706  INFO  manager.ListenerWD - List of elements is--->0
16:06:04.722  INFO  tests.TestBase - Test data---->email:'marusya@gmail.com' & password: 'Mmar123456$'
16:06:04.722  INFO  manager.ListenerWD - Before Find Element --->By.cssSelector: a[href='/login']
16:06:04.782  INFO  manager.ListenerWD - After Find Element--->By.cssSelector: a[href='/login']
16:06:04.814  INFO  manager.ListenerWD - Location of element -->(1426, 34)
16:06:04.906  INFO  manager.ListenerWD - Before Find Element --->By.name: email
16:06:04.969  INFO  manager.ListenerWD - After Find Element--->By.name: email
16:06:05.001  INFO  manager.ListenerWD - Location of element -->(568, 250)
16:06:05.323  INFO  manager.ListenerWD - Before Find Element --->By.xpath: //input[la]
16:06:10.349  INFO  manager.ListenerWD - Huston we have a problem!
16:06:10.349  INFO  manager.ListenerWD - Object target --->ChromeDriver: chrome on WINDOWS (ee3dc27a5e5df752a7efe20b48746fb6)
16:06:10.349  INFO  manager.ListenerWD - ************
16:06:10.349  INFO  manager.ListenerWD - Method name ---->findElement
16:06:10.349  INFO  manager.ListenerWD - ************
16:06:10.364  INFO  manager.ListenerWD - InvocationTargetException2org.openqa.selenium.NoSuchElementException: no such element: Unable to locate element: {"method":"xpath","selector":"//input[la]"}
  (Session info: chrome=111.0.5563.148)
For documentation on this error, please visit: https://selenium.dev/exceptions/#no_such_element
Build info: version: '4.7.0', revision: '0a5b49d16f'
System info: os.name: 'Windows 11', os.arch: 'amd64', os.version: '10.0', java.version: '11.0.18'
Driver info: org.openqa.selenium.chrome.ChromeDriver
Command: [ee3dc27a5e5df752a7efe20b48746fb6, findElement {using=xpath, value=//input[la]}]
Capabilities {acceptInsecureCerts: false, browserName: chrome, browserVersion: 111.0.5563.148, chrome: {chromedriverVersion: 111.0.5563.64 (c710e93d5b63..., userDataDir: C:\Users\marii\AppData\Loca...}, goog:chromeOptions: {debuggerAddress: localhost:59692}, networkConnectionEnabled: false, pageLoadStrategy: normal, platformName: WINDOWS, proxy: Proxy(), se:cdp: ws://localhost:59692/devtoo..., se:cdpVersion: 111.0.5563.148, setWindowRect: true, strictFileInteractability: false, timeouts: {implicit: 0, pageLoad: 300000, script: 30000}, unhandledPromptBehavior: dismiss and notify, webauthn:extension:credBlob: true, webauthn:extension:largeBlob: true, webauthn:extension:minPinLength: true, webauthn:extension:prf: true, webauthn:virtualAuthenticators: true}
Session ID: ee3dc27a5e5df752a7efe20b48746fb6
16:06:10.364  INFO  manager.ListenerWD - ************
