11:20:52.696  INFO  manager.ApplicationManager - All tests run in Chrome Browser
11:20:56.437  INFO  manager.ApplicationManager - The link --->https://telranedu.web.app/home
11:20:56.463  INFO  tests.TestBase - Name of method --->loginSuccess
11:21:01.481  INFO  tests.TestBase - Start test with name 'loginSuccess'
11:21:01.481  INFO  tests.TestBase - Test data---->email:'marusya@gmail.com' & password: 'Mmar123456$'
11:21:03.693  INFO  tests.TestBase - Assert check is Element button 'Sign out' present
11:21:03.702  INFO  tests.TestBase - Name of method --->loginSuccessModel
11:21:03.781  INFO  tests.TestBase - Before method finish logout
11:21:03.784  INFO  tests.TestBase - Test data---->email:'marusya@gmail.com' & password: 'Mmar123456$'
11:21:05.057  INFO  tests.TestBase - Assert check is Element button 'Sign out' present
11:21:05.063  INFO  tests.TestBase - Name of method --->loginUnregisteredUser
11:21:05.145  INFO  tests.TestBase - Before method finish logout
11:21:05.145  INFO  tests.TestBase - Test data---->email:'agata@gmail.com' & password: 'Aga123456$'
11:21:06.914  INFO  tests.TestBase - Assert check is Alert present with error text 'Wrong email or password'
11:21:06.918  INFO  tests.TestBase - Name of method --->loginWrongEmail
11:21:11.946  INFO  tests.TestBase - Test data---->email:'marusyagmail.com' & password: 'Mmar123456$'
11:21:13.242  INFO  tests.TestBase - Assert check is Alert present with error text 'Wrong email or password'
11:21:13.245  INFO  tests.TestBase - Name of method --->loginWrongPassword
11:21:18.286  INFO  tests.TestBase - Test data---->email:'marusya@gmail.com' & password: 'Mmar123'
11:21:19.877  INFO  tests.TestBase - Assert check is Alert present with error text 'Wrong email or password'
